<?xml version="1.0" encoding="UTF-8"?>
<!-- Generated by org.testng.reporters.JUnitReportReporter -->
<testsuite hostname="Pragati" failures="0" tests="3" name="TestNg_use.FirstTestNg" time="0.016" errors="0" timestamp="12 Dec 2024 17:15:10 GMT" skipped="0">
  <testcase classname="TestNg_use.FirstTestNg" name="addCart" time="0.012"/>
  <testcase classname="TestNg_use.FirstTestNg" name="login" time="0.002"/>
  <testcase classname="TestNg_use.FirstTestNg" name="register" time="0.002"/>
</testsuite> <!-- TestNg_use.FirstTestNg -->
