<?xml version="1.0" encoding="UTF-8"?>
<!-- Generated by org.testng.reporters.JUnitReportReporter -->
<testsuite hostname="Pragati" failures="0" tests="3" name="TestNg_use.TestNg_Enable" time="0.018" errors="0" timestamp="16 Dec 2024 08:16:59 GMT" skipped="1">
  <testcase classname="TestNg_use.TestNg_Enable" name="register" time="0.016"/>
  <testcase classname="TestNg_use.TestNg_Enable" name="addCart" time="0.002"/>
  <testcase classname="TestNg_use.TestNg_Enable" name="login">
    <skipped/>
  </testcase> <!-- login -->
</testsuite> <!-- TestNg_use.TestNg_Enable -->
