<?xml version="1.0" encoding="UTF-8"?>
<!-- Generated by org.testng.reporters.JUnitReportReporter -->
<testsuite hostname="Pragati" failures="0" tests="3" name="TestNg_use.Testng_Priority" time="0.015" errors="0" timestamp="12 Dec 2024 17:22:51 GMT" skipped="0">
  <testcase classname="TestNg_use.Testng_Priority" name="register" time="0.012"/>
  <testcase classname="TestNg_use.Testng_Priority" name="login" time="0.001"/>
  <testcase classname="TestNg_use.Testng_Priority" name="addCart" time="0.002"/>
</testsuite> <!-- TestNg_use.Testng_Priority -->
